<?xml version="1.0" encoding="UTF-8"?>
<!-- Generated by org.testng.reporters.JUnitReportReporter -->
<testsuite hostname="IbSannoh" failures="0" tests="1" name="FirstTestCase" time="2.501" errors="0" timestamp="2023-09-02T23:12:08 EDT" skipped="0">
  <testcase classname="FirstTestCase" name="firstTestCase" time="2.501"/>
</testsuite> <!-- FirstTestCase -->
